16/Jun/2023 16:49:09  Defined reference frequency for open boundary condition (4 GHz) is larger than
                      the lowest relevant system frequency (monitor at 2.4 GHz).
                      Please check the Settings for PML Boundary (Simulation > Settings > Boundary
                      Conditions > Open Boundary) to ensure accurate monitor results for the lowest
                      frequency of interest. More...
                      
                      ------------------------------------------------------------------------------
16/Jun/2023 16:49:09  *** Warning ***
                      
                      The monitor surface-current (f=2.4) is not supported and will be ignored.
                      Please define an 'H-Field and Surface current monitor' instead.
                      
                      ------------------------------------------------------------------------------
16/Jun/2023 16:49:09  *** Warning ***
                      
                      This software is licensed for educational purposes only.
                      
                      ------------------------------------------------------------------------------
16/Jun/2023 16:49:10  
                      Solver started at: 04:49 PM Friday, 16. June 2023 (Hora est. Pacífico, Sudamérica)
                      
                        Module:  Time Domain: S-Parameter (Win 64)
                        Version: 2023.3 Release from 2023-02-23 (change 1080443)
                      

                      ------------------------------------------------------------------------------

                      ------------------------------------------------------------------------------
16/Jun/2023 16:49:10  ======================================================================
                       Solver cycle: 1
                      ======================================================================
                      
                      Stimulation at discrete port 1 
                      
                      
                      
                      ------------------------------------------------------------------------------
16/Jun/2023 16:49:10  Units settings: 
                      
                        Dimensions: mm
                        Frequency:  GHz
                        Time:       s
                      
                      ------------------------------------------------------------------------------
16/Jun/2023 16:49:10  The dispersive material update will be performed using the "Standard" update schema
                      
                      ------------------------------------------------------------------------------
16/Jun/2023 16:49:19  The following discrete edge port is connected to metal material:
                      	1
                      
                      ------------------------------------------------------------------------------
16/Jun/2023 16:49:19  The following lumped edge element is connected to metal material:
                      	Folder1:element1
                      
                      ------------------------------------------------------------------------------
16/Jun/2023 16:49:19  Mesh statistics:
                      
                         Hexahedral mesh type: Perfect Boundary Approximation (PBA)
                            Version: legacy
                      
                         Parallelization type: domain decomposition
                            Number of parallel working threads: 4
                            Number of calculation domains used: 4
                      
                         Acceleration mode: CPU
                         PBA fill limit: 98.81% (inverse)

                         *** Warning ***  The matrix computation uses legacy PBA settings. These settings will become obsolete in future versions.

                         *** Warning ***  To use the default PBA settings please consider pressing the "Default" button in the "Discretizer" tab of the "Special Mesh Properties" dialog box. 


16/Jun/2023 16:49:19  Boundary conditions: 
                      
                        YZsymmetry: none
                        XZsymmetry: none
                        XYsymmetry: none
                      
                        Xmin: expanded open, 4 Layer, depth 9.64519 mm
                        Xmax: expanded open, 4 Layer, depth 9.64519 mm
                      
                        Ymin: expanded open, 4 Layer, depth 8.8547 mm
                        Ymax: expanded open, 4 Layer, depth 8.8547 mm
                      
                        Zmin: expanded open, 4 Layer, depth 9.64519 mm
                        Zmax: expanded open, 4 Layer, depth 9.64519 mm
                      
                        PML-Type: Convolution PML
                      
                      ------------------------------------------------------------------------------
16/Jun/2023 16:49:19  Frequency settings: 
                      
                        Fmin:         0
                        Fmax:         8
                        Nfsteps(lin): 1001
                      
                      ------------------------------------------------------------------------------
16/Jun/2023 16:49:19  Field update statistics:
                      
                        Number of components in total: 	677494
                        Number of TST and special elements:	5224
                        Number of lossy metal components:	1432
                        Number of disp. elements:		29194
                      
                      Subcycling state:      			Automatically deactivated
                      
                      ------------------------------------------------------------------------------
16/Jun/2023 16:49:19  Port: 1
                      
16/Jun/2023 16:49:19    Discrete element, reference impedance = 50 Ohm
                      
                      ------------------------------------------------------------------------------
16/Jun/2023 16:49:27  
                      --------------------------------------------------------------------------------
16/Jun/2023 16:49:27  Steady state energy criterion met, solver finished successfully.
                      
                      ------------------------------------------------------------------------------
16/Jun/2023 16:49:27  Frequency domain results normalized to default signal.
                      
                      
                      ------------------------------------------------------------------------------
16/Jun/2023 16:49:27  
                        ----------------------------------------------------------------------------
                                            Peak memory used (kB)         Free physical memory (kB) 
                                                                          At begin     Minimum      
                        ----------------------------------------------------------------------------
                        CAD preparation     13820                         8295956      8295956      
                        Matrices calc.      237695                        8203125      8048828      
                        Solver run total    81348                         8310896      8143344      
                        ----------------------------------------------------------------------------
                      
                      --------------------------------------------------------------------------------
                      Solver Statistics:
                      
                        Hardware:
                           Computer name:                 	04V306 
                      
                           Number of CPU threads:               8
                           Hardware info:                  	Hardware Accelerator Device not activated
                      
                        Number of mesh cells:             	108192
                        Excitation duration:              	4.44318594e-010 s 
                        Calculation time for excitation:  	0 	s
                        Number of calculated pulse widths:	7.02076 
                        Steady state accuracy limit:      	-40	dB 
                        Simulated number of time steps:   	3450 
                        Maximum number of time steps:     	9827 
                        Time step width:
                           without subcycles:             	9.041902063e-013 s
                           used:                          	9.041902063e-013 s
                      
                        CAD preparation time:             	0      	s
                        Matrix calculation time:          	8 	s
                        Solver setup time:                	0 	s
                        Solver loop time:                 	6 	s
                        Solver post-processing time:      	0 	s
                                                          	------------
                        Total solver time:                	14 	s
                      
                      ------------------------------------------------------------------------------
16/Jun/2023 16:49:27  
                        Adaptive port meshing time:          	0      	s
                        Total solver time (all cycles):      	14     	s
                        Solver initialization and clean-up:  	2      	s
                                                             	------------
                        Total simulation time:               	16     	s
                      
                      ------------------------------------------------------------------------------
16/Jun/2023 16:49:27  Solver finished at: 04:49 PM Friday, 16. June 2023
                      
                      
                      
                      ------------------------------------------------------------------------------
16/Jun/2023 16:49:29  Creating parametric 1D results for Run ID 1
                      
                      ------------------------------------------------------------------------------
16/Jun/2023 17:22:21  Defined reference frequency for open boundary condition (4 GHz) is larger than
                      the lowest relevant system frequency (monitor at 2.4 GHz).
                      Please check the Settings for PML Boundary (Simulation > Settings > Boundary
                      Conditions > Open Boundary) to ensure accurate monitor results for the lowest
                      frequency of interest. More...
                      
                      ------------------------------------------------------------------------------
16/Jun/2023 17:22:21  *** Warning ***
                      
                      The monitor surface-current (f=2.4) is not supported and will be ignored.
                      Please define an 'H-Field and Surface current monitor' instead.
                      
                      ------------------------------------------------------------------------------
16/Jun/2023 17:22:21  *** Warning ***
                      
                      This software is licensed for educational purposes only.
                      
                      ------------------------------------------------------------------------------
16/Jun/2023 17:22:22  
                      Solver started at: 05:22 PM Friday, 16. June 2023 (Hora est. Pacífico, Sudamérica)
                      
                        Module:  Time Domain: S-Parameter (Win 64)
                        Version: 2023.3 Release from 2023-02-23 (change 1080443)
                      

                      ------------------------------------------------------------------------------

                      ------------------------------------------------------------------------------
16/Jun/2023 17:22:22  ======================================================================
                       Solver cycle: 1
                      ======================================================================
                      
                      Stimulation at discrete port 1 
                      
                      
                      
                      ------------------------------------------------------------------------------
16/Jun/2023 17:22:22  Units settings: 
                      
                        Dimensions: mm
                        Frequency:  GHz
                        Time:       s
                      
                      ------------------------------------------------------------------------------
16/Jun/2023 17:22:22  The dispersive material update will be performed using the "Standard" update schema
                      
                      ------------------------------------------------------------------------------
16/Jun/2023 17:22:22  Boundary conditions: 
                      
                        YZsymmetry: none
                        XZsymmetry: none
                        XYsymmetry: none
                      
                        Xmin: expanded open, 4 Layer, depth 9.64519 mm
                        Xmax: expanded open, 4 Layer, depth 9.64519 mm
                      
                        Ymin: expanded open, 4 Layer, depth 8.8547 mm
                        Ymax: expanded open, 4 Layer, depth 8.8547 mm
                      
                        Zmin: expanded open, 4 Layer, depth 9.64519 mm
                        Zmax: expanded open, 4 Layer, depth 9.64519 mm
                      
                        PML-Type: Convolution PML
                      
                      ------------------------------------------------------------------------------
16/Jun/2023 17:22:22  Frequency settings: 
                      
                        Fmin:         0
                        Fmax:         8
                        Nfsteps(lin): 1001
                      
                      ------------------------------------------------------------------------------
16/Jun/2023 17:22:22  Field update statistics:
                      
                        Number of components in total: 	677494
                        Number of TST and special elements:	5224
                        Number of lossy metal components:	1432
                        Number of disp. elements:		29194
                      
                      Subcycling state:      			Automatically deactivated
                      
                      ------------------------------------------------------------------------------
16/Jun/2023 17:22:22  Port: 1
                      
16/Jun/2023 17:22:22    Discrete element, reference impedance = 50 Ohm
                      
                      ------------------------------------------------------------------------------
16/Jun/2023 17:22:28  
                      --------------------------------------------------------------------------------
16/Jun/2023 17:22:28  Steady state energy criterion met, solver finished successfully.
                      
                      ------------------------------------------------------------------------------
16/Jun/2023 17:22:28  Frequency domain results normalized to default signal.
                      
                      
                      ------------------------------------------------------------------------------
16/Jun/2023 17:22:28  
                        ----------------------------------------------------------------------------
                                            Peak memory used (kB)         Free physical memory (kB) 
                                                                          At begin     Minimum      
                        ----------------------------------------------------------------------------
                        CAD preparation     13820                         8295956      8295956      
                        Matrices calc.      237695                        8203125      8048828      
                        Solver run total    79544                         9370892      9303616      
                        ----------------------------------------------------------------------------
                      
                      --------------------------------------------------------------------------------
                      Solver Statistics:
                      
                        Hardware:
                           Computer name:                 	04V306 
                      
                           Number of CPU threads:               8
                           Hardware info:                  	Hardware Accelerator Device not activated
                      
                        Number of mesh cells:             	108192
                        Excitation duration:              	4.44318594e-010 s 
                        Calculation time for excitation:  	0 	s
                        Number of calculated pulse widths:	7.02076 
                        Steady state accuracy limit:      	-40	dB 
                        Simulated number of time steps:   	3450 
                        Maximum number of time steps:     	9827 
                        Time step width:
                           without subcycles:             	9.041902063e-013 s
                           used:                          	9.041902063e-013 s
                      
                        Reloading matrices:               	0 	s
                        Solver setup time:                	0 	s
                        Solver loop time:                 	4 	s
                        Solver post-processing time:      	0 	s
                                                          	------------
                        Total solver time:                	4 	s
                      
                      ------------------------------------------------------------------------------
16/Jun/2023 17:22:28  
                        Adaptive port meshing time:          	0      	s
                        Total solver time (all cycles):      	4      	s
                        Solver initialization and clean-up:  	2      	s
                                                             	------------
                        Total simulation time:               	6      	s
                      
                      ------------------------------------------------------------------------------
16/Jun/2023 17:22:28  Solver finished at: 05:22 PM Friday, 16. June 2023
                      
                      
                      
                      ------------------------------------------------------------------------------
16/Jun/2023 17:22:29  Creating parametric 1D results for Run ID 1
                      
                      ------------------------------------------------------------------------------
