Frontend-Node:  ======================
                Mesher selection: FPBA
                ======================

>>>>>>>>>>>>>>>>>>>>>>>>>>>>>>>>
2023 Jun 19 (Mon):  17:34:24
started: parallelization control
>>>>>>>>>>>>>>>>>>>>>>>>>>>>>>>>

======================================================
 - pinning rule in use   : PINNING_RULE_MCALC_SKIP_ALL
 - desired group         : 0, sockets = 0
 - num cores available   : 16
 - num accessible procs          : 16
 - num logical procs             : 16
 - affinity (main thread)        : 1111111111111111
 - sockets                       : 0
 - potential cores               : 0,2,4,6,8,10,12,14
 - affinity                      : 1010101010101010
 - core list                  (3): 0,2,4,6,8,10,12,14
 - active cores          : 0,2,4,6,8,10,12,14
 - hyperthreading        : on
 - allowed core ids      : 0,2,4,6,8,10,12,14
 - allowed core ids (aff): 10101010 10101010 
 - used mask (string)    : 10101010 10101010 
======================================================

===========================================================================
Version: 2023.3 Release from 2023-02-23 (change 1080443) [Release]
Workflow: QQ-Facets
Operation: [acis, fpba, bg]
Architecture: Windows, ID: AMD64
System Windows-64bit
Using processor group 0/1
Matrix calculation information:
# of Nodes: 0
Concurrency: 0
Start ID: 0
Node ID: 0
HEX Mesh information:
Hex mesh: global: [hxr o(0 | 0 | 0) s(29 | 139 | 29) np (no TSTs): 116899] 
===========================================================================

>>>>>>>>>>>>>>>>>>>>>>>>>>>>>
2023 Jun 19 (Mon):  17:34:24
started: processing CAD model
>>>>>>>>>>>>>>>>>>>>>>>>>>>>>

========================================================================
Processing CAD model (for field results)
	[Improved internal geometry representation]
	[Accuracy improvement for long shapes in inhomogeneous mesh regions]
Version 2023.3 (build 20230223)
PBA version 2017022417
Sub-Workflow: Facets-QQ-GEX
Workflow updated: -
2023 Jun 19 (Mon):  17:34:24
========================================================================

===========================================
Finished CAD processing (for field results)
===========================================

<<<<<<<<<<<<<<<<<<<<<<<<<<<<<<<<<<<<<<<<<<
2023 Jun 19 (Mon):  17:34:25
Resource usage for processing CAD model:
	Runtime                 00:00:00.00316
	Peak Memory Usage:               28 MB
<<<<<<<<<<<<<<<<<<<<<<<<<<<<<<<<<<<<<<<<<<

>>>>>>>>>>>>>>>>>>>>>>>>>>>>>
2023 Jun 19 (Mon):  17:34:25
started: processing CAD model
>>>>>>>>>>>>>>>>>>>>>>>>>>>>>

========================================================================
Processing CAD model
	[Improved internal geometry representation]
	[Accuracy improvement for long shapes in inhomogeneous mesh regions]
Version 2023.3 (build 20230223)
PBA version 2017022417
Sub-Workflow: Facets-QQ-GEX
Workflow updated: -
2023 Jun 19 (Mon):  17:34:25
========================================================================

----------------------------------------------
Used point accuracy enhancement value: 56.00%.
----------------------------------------------

=============================================================================
Mesh statistics:
-----------------------------------------------------------------------------
Minimum edge length (x): 0.2 @ mesh line 10 (x)
Maximum edge length (x): 2.41 @ mesh line 0 (x)
Minimum face area (x): 0.236 @ mesh lines 128 | 10 (y | z)
Maximum face area (x): 5.34 @ mesh lines 136 | 0 (y | z)
Minimum edge length (y): 1.18 @ mesh line 128 (y)
Maximum edge length (y): 2.21 @ mesh line 136 (y)
Minimum face area (y): 0.04 @ mesh lines 10 | 10 (z | x)
Maximum face area (y): 5.81 @ mesh lines 0 | 0 (z | x)
Minimum edge length (z): 0.2 @ mesh line 10 (z)
Maximum edge length (z): 2.41 @ mesh line 0 (z)
Minimum face area (z): 0.236 @ mesh lines 10 | 128 (x | y)
Maximum face area (z): 5.34 @ mesh lines 0 | 136 (x | y)
Maximum mesh face aspect ratio (x): 11.1 : 1.0  @ mesh lines 136 | 10 (y | z)
Maximum mesh face aspect ratio (y): 12.1 : 1.0  @ mesh lines 10 | 0 (z | x)
Maximum mesh face aspect ratio (z): 11.1 : 1.0  @ mesh lines 10 | 136 (x | y)
=============================================================================

=============================================================================
Available resources to store TST cells: 2147366748 (1836941.93% of mesh size)
=============================================================================

************************************************************************************************
General settings
	PBA version: legacy
------------------------------------------------------------------------------------------------
Geometry processor: legacy
	Geo accuracy: 56.000000
	Watertightness check: true
	Self intersection check: false
	Inheritance (all): false
	Normal dominance (all): false
	Normal dominance (ports): false
	Flanges hollow: true
	One shape per flange: false
	Multi threading: false
		max # of threads used: 1
		requested max # of threads: 1
		representation: ppm
		method: single thread
		retry: no
------------------------------------------------------------------------------------------------
Connectivity settings
	Workflow selection: 0
	Workflow version: 20170101
	Gap detection: false
	Gap detection version: 1
	TST version: 1
	QQ workflow: true
	CoCo workflow: true
	Legacy topology: false
	Connectivity check: false
------------------------------------------------------------------------------------------------
************************************************************************************************

------------------------------------------------------------------------------------------------
Geometry processing log
	PEC background is represented by CAD geometry: false
	Background shape: 0
	Number of CAD shapes: 4
	Number of lumps: 0
------------------------------------------------------------------------------------------------
=========================================
== CST Matrix Calculation Priority Log ==
=========================================
Priorities are sorted in ascending order beginning with the lowest priority
 
Group | Shape-ID | ShapeName | Material | User-priority | 2D/3D-Geometry | Material-attributes | Shape-attributes | Feature-ID | Schemetype
1 | 9 | </cst/Boundaries/> Low^X | $NFSMaterial$ | n/a | no | normal.vacuum. | boundary. | n/a | FIT_TD
1 | 10 | </cst/Boundaries/> Low^Y | $NFSMaterial$ | n/a | no | normal.vacuum. | boundary. | n/a | FIT_TD
1 | 11 | </cst/Boundaries/> Low^Z | $NFSMaterial$ | n/a | no | normal.vacuum. | boundary. | n/a | FIT_TD
1 | 12 | </cst/Boundaries/> Up^X | $NFSMaterial$ | n/a | no | normal.vacuum. | boundary. | n/a | FIT_TD
1 | 13 | </cst/Boundaries/> Up^Y | $NFSMaterial$ | n/a | no | normal.vacuum. | boundary. | n/a | FIT_TD
1 | 14 | </cst/Boundaries/> Up^Z | $NFSMaterial$ | n/a | no | normal.vacuum. | boundary. | n/a | FIT_TD
2 | 5 | </cst/Ports/> 1^t0 | Copper (annealed) | n/a | no | pec.rho.surface-impedance. | edge-element.wire. | n/a | FIT_TD
2 | 6 | </cst/Ports/> 1^t1 | Copper (annealed) | n/a | no | pec.rho.surface-impedance. | edge-element.wire. | n/a | FIT_TD
2 | 7 | </cst/Ports/> 2^t0 | Copper (annealed) | n/a | no | pec.rho.surface-impedance. | edge-element.wire. | n/a | FIT_TD
2 | 8 | </cst/Ports/> 2^t1 | Copper (annealed) | n/a | no | pec.rho.surface-impedance. | edge-element.wire. | n/a | FIT_TD
3 | 2 | component1:jacket | Teflon (PTFE) (loss free) | n/a | yes | normal.rho. | solid. | n/a | FIT_TD
3 | 4 | component1:teflon | Teflon (PTFE) (lossy) | n/a | yes | dispersive-mue.normal.rho. | solid. | n/a | FIT_TD
4 | 1 | component1:feed | Copper (annealed) | n/a | yes | pec.rho.surface-impedance. | solid. | n/a | FIT_TD
4 | 3 | component1:shield | Copper (annealed) | n/a | yes | pec.rho.surface-impedance. | solid. | n/a | FIT_TD
=========================================
=======================
Finished CAD processing
=======================

<<<<<<<<<<<<<<<<<<<<<<<<<<<<<<<<<<<<<<<<<<
2023 Jun 19 (Mon):  17:34:25
Resource usage for processing CAD model:
	Runtime                 00:00:00.00090
	Peak Memory Usage:               28 MB
<<<<<<<<<<<<<<<<<<<<<<<<<<<<<<<<<<<<<<<<<<

------------------------------------------------------------
Parallelization Info
------------------------------------------------------------
Hyperthreading active: true
Hyperthreading used: false
Number of concurrent threads: 4
Number of node domains: 4
Domains-to-threads scaling: 2
Average FI domain size: 2e+04
Nice mode: true
Delayed matrix calculation start: false
Load balancing: Version 20090403
Number of mesh fill domains: 5
Memory downscale: 1
CPU load: 50.00%
Emptiness: 0.00%
Hex mesh complexity: 0.10819
Geometric complexity: 0.02474
lower size limit of domain (1D): 60
------------------------------------------------------------
Node order
3, 2, 1, 0
------------------------------------------------------------

------------------------------------------------------------------
Matrix calculation job submit section 0
Currently running jobs: 0
Waiting jobs: 4
Concurrency for section: 4/4
Matrix calculation node 3
	Mesh coverage: 2822400.00 %
	Estimated peak memory usage per node: 48 MB, tightness: 0.60 %
	Processor group: 0
Matrix calculation node 2
	Mesh coverage: 2744000.00 %
	Estimated peak memory usage per node: 48 MB, tightness: 0.60 %
	Processor group: 0
Matrix calculation node 1
	Mesh coverage: 2744000.00 %
	Estimated peak memory usage per node: 48 MB, tightness: 0.60 %
	Processor group: 0
Matrix calculation node 0
	Mesh coverage: 2744000.00 %
	Estimated peak memory usage per node: 48 MB, tightness: 0.59 %
	Processor group: 0
Node distribution on 1 processor group: 4
------------------------------------------------------------------

------------------------------------
Mesh: # of points excl. TSTs: 116899
      # of points incl. TSTs: 123547
------------------------------------

===========================================
Data rearrangement statistics:
Disk IO directories:	00:00:00.0000
Disk IO node domain files:	00:00:00.0209
Disk IO FI domain files:	00:00:00.0000
Disk IO meta information:	00:00:00.0013
Sequential merge (TST):	00:00:00.0000
===========================================

1xN000:  ===================================================================================
         [Boundaries] - MCalc
         open-add-space, open-add-space, open-add-space, mpi, open-add-space, open-add-space
         ===================================================================================

1xN000:  ========================================
         [Mesh] Matrix calculation - NO ACIS mode
         [Mesh] 1xN MPI or parallelization mode
         ========================================

1xN000:  =============================
         [Mesh] Expansion: 0 0 0 1 0 0
         =============================

1xN000:  ==================================================
         [Mesh] world: o(0000,0000,0000) e(0029,0139,0029)
         [Mesh] l-1xN: o(0000,0000,0000) e(0029,0036,0029)
         [Mesh] e-1xN: o(0000,0000,0000) e(0029,0037,0029)
         [Mesh] g-MPI: not available
         [Mesh] bound offset: (0 | 0 | 0)
         ==================================================

1xN000:  ==========================================================================
          - pinning rule in use   : PINNING_RULE_MCALC_SKIP_ALL
          - desired group         : 0, sockets = 0
          - num cores available   : 16
          - num accessible procs          : 16
          - num logical procs             : 16
          - affinity (main thread)        : 1111111111111111
          - sockets                       : 0
          - potential cores               : 0,1,2,3,4,5,6,7,8,9,10,11,12,13,14,15
          - affinity                      : 1111111111111111
          - core list                  (3): 0,1,2,3,4,5,6,7,8,9,10,11,12,13,14,15
          - active cores          : 0,1,2,3,4,5,6,7,8,9,10,11,12,13,14,15
          - hyperthreading        : on
          - skip pinning: + allowed number of sockets = available number of sockets
                          + hyperthreading allowed by solver
         ==========================================================================

1xN000:  ===========================================================================
         Version: 2023.3 Release from 2023-02-23 (change 1080443) [Release]
         Workflow: PBA matrix coefficients
         Operation: [fpba, meshfill, bg, port-path, tst, coeff, surface-imp]
         Architecture: Windows, ID: AMD64
         System Windows-64bit
         Using processor group 0/1
         Matrix calculation information:
         # of Nodes: 4
         Concurrency: 4
         Start ID: 3
         Node ID: 0
         HEX Mesh information:
         Hex mesh: node: [hxr o(0 | 0 | 0) s(29 | 36 | 29) np (no TSTs): 30276]
         Hex mesh: extended: [hxr o(0 | 0 | 0) s(29 | 37 | 29) np (no TSTs): 31117]
         ===========================================================================

1xN000:  ------------------------------------------------------
         Memory status  on node "1xN000" for matrix calculation
         	Estimated memory consumption: 0.0479212 GB
         	Physical memory installed: 16.9121 GB
         	Available physical memory: 8.009 GB
         	Available relative memory: 47.3566%s
         ------------------------------------------------------

1xN000:  >>>>>>>>>>>>>>>>>>>>>>>>>>>>>>>>>>>>>>>>>>>>>>>>>
         2023 Jun 19 (Mon):  17:34:25
         started: calculating matrix coefficients per node
         >>>>>>>>>>>>>>>>>>>>>>>>>>>>>>>>>>>>>>>>>>>>>>>>>

1xN000:  ===========================================================
         Matrix computation (PBA)
         	[Perfect Boundary Approximation (PBA), version: legacy]
         	[GPU acceleration: off (by user)]
         Version 2023.3 (build 20230223)
         PBA version 2017022417
         Sub-Workflow: FPBA-1xN-TST1-Node
         Workflow updated: -
         2023 Jun 19 (Mon):  17:34:25
         ===========================================================

1xN000:  FARM allocation scheme: BBM
1xN000:



1xN000:  ----------------------
         Acceleration mode: CPU
         ----------------------

1xN000:  Port homogenization method: FARM voxels copy
1xN000:  -------------------------
         TST Statistics:
         E Split (208 | 0 | 208)
         E Adapt (416 | 300 | 416)
         B Split (200 | 624 | 200)
         B Adapt (4 | 0 | 4)
         -------------------------

1xN000:  ssssssssssssssssssssssssssssssssssssssssss
         # of curls with SI accuracy enhancement: 0
         ssssssssssssssssssssssssssssssssssssssssss

1xN000:  ----------------------------------------------------------------
         The following discrete edge port is connected to metal material:
         	1
         ----------------------------------------------------------------

1xN000:  ------------------------------------------------------------------------------
         PBA fill limit is applied in inverse mode.
         PBA fill limit is applied on faces filled with at least 98.81% metal material.
         --------------------------------------------------------------
         detailed accuracy settings:
         --------------------------------------------------------------
         augmented fill limit:       true
         augmented fill limit value: 98.81
         automatic fill limit:       true
         early fill limit:           true
         inverse fill limit:         true
         model complexity:           0.00
         legacy 2015:                false
         fixed point accuracy:       false
         minimum point accuracy:     0
         mesh step inheritance:      false
         accuracy mode:
         ------------------------------------------------------------------------------

1xN000:  =================================
         Finished matrix computation (PBA)
         =================================

1xN000:  <<<<<<<<<<<<<<<<<<<<<<<<<<<<<<<<<<<<<<<<<<<<<<<<<<<<<<<<<<<<
         2023 Jun 19 (Mon):  17:34:28
         Resource usage for calculating matrix coefficients per node:
         	Runtime                          00:00:03.00058
         	Peak Memory Estimation:                   48 MB
         	Peak Memory Usage:                        57 MB
         <<<<<<<<<<<<<<<<<<<<<<<<<<<<<<<<<<<<<<<<<<<<<<<<<<<<<<<<<<<<



1xN001:  ========================================================================
         [Boundaries] - MCalc
         open-add-space, open-add-space, mpi, mpi, open-add-space, open-add-space
         ========================================================================

1xN001:  ========================================
         [Mesh] Matrix calculation - NO ACIS mode
         [Mesh] 1xN MPI or parallelization mode
         ========================================

1xN001:  ==============================
         [Mesh] Expansion: 0 0 -1 1 0 0
         ==============================

1xN001:  ==================================================
         [Mesh] world: o(0000,0000,0000) e(0029,0139,0029)
         [Mesh] l-1xN: o(0000,0034,0000) e(0029,0070,0029)
         [Mesh] e-1xN: o(0000,0033,0000) e(0029,0071,0029)
         [Mesh] g-MPI: not available
         [Mesh] bound offset: (0 | 0 | -1)
         ==================================================

1xN001:  ==========================================================================
          - pinning rule in use   : PINNING_RULE_MCALC_SKIP_ALL
          - desired group         : 0, sockets = 0
          - num cores available   : 16
          - num accessible procs          : 16
          - num logical procs             : 16
          - affinity (main thread)        : 1111111111111111
          - sockets                       : 0
          - potential cores               : 0,1,2,3,4,5,6,7,8,9,10,11,12,13,14,15
          - affinity                      : 1111111111111111
          - core list                  (3): 0,1,2,3,4,5,6,7,8,9,10,11,12,13,14,15
          - active cores          : 0,1,2,3,4,5,6,7,8,9,10,11,12,13,14,15
          - hyperthreading        : on
          - skip pinning: + allowed number of sockets = available number of sockets
                          + hyperthreading allowed by solver
         ==========================================================================

1xN001:  ============================================================================
         Version: 2023.3 Release from 2023-02-23 (change 1080443) [Release]
         Workflow: PBA matrix coefficients
         Operation: [fpba, meshfill, bg, port-path, tst, coeff, surface-imp]
         Architecture: Windows, ID: AMD64
         System Windows-64bit
         Using processor group 0/1
         Matrix calculation information:
         # of Nodes: 4
         Concurrency: 4
         Start ID: 2
         Node ID: 1
         HEX Mesh information:
         Hex mesh: node: [hxr o(0 | 34 | 0) s(29 | 36 | 29) np (no TSTs): 30276]
         Hex mesh: extended: [hxr o(0 | 33 | 0) s(29 | 38 | 29) np (no TSTs): 31958]
         ============================================================================

1xN001:  ------------------------------------------------------
         Memory status  on node "1xN001" for matrix calculation
         	Estimated memory consumption: 0.0479414 GB
         	Physical memory installed: 16.9121 GB
         	Available physical memory: 8.011 GB
         	Available relative memory: 47.3685%s
         ------------------------------------------------------

1xN001:  >>>>>>>>>>>>>>>>>>>>>>>>>>>>>>>>>>>>>>>>>>>>>>>>>
         2023 Jun 19 (Mon):  17:34:25
         started: calculating matrix coefficients per node
         >>>>>>>>>>>>>>>>>>>>>>>>>>>>>>>>>>>>>>>>>>>>>>>>>

1xN001:  ===========================================================
         Matrix computation (PBA)
         	[Perfect Boundary Approximation (PBA), version: legacy]
         	[GPU acceleration: off (by user)]
         Version 2023.3 (build 20230223)
         PBA version 2017022417
         Sub-Workflow: FPBA-1xN-TST1-Node
         Workflow updated: -
         2023 Jun 19 (Mon):  17:34:25
         ===========================================================

1xN001:  FARM allocation scheme: BBM
1xN001:



1xN001:  ----------------------
         Acceleration mode: CPU
         ----------------------

1xN001:  Port homogenization method: FARM voxels copy
1xN001:  -------------------------
         TST Statistics:
         E Split (288 | 0 | 288)
         E Adapt (576 | 420 | 576)
         B Split (280 | 864 | 280)
         B Adapt (0 | 0 | 0)
         -------------------------

1xN001:  ssssssssssssssssssssssssssssssssssssssssss
         # of curls with SI accuracy enhancement: 0
         ssssssssssssssssssssssssssssssssssssssssss

1xN001:  ------------------------------------------------------------------------------
         PBA fill limit is applied in inverse mode.
         PBA fill limit is applied on faces filled with at least 98.81% metal material.
         --------------------------------------------------------------
         detailed accuracy settings:
         --------------------------------------------------------------
         augmented fill limit:       true
         augmented fill limit value: 98.81
         automatic fill limit:       true
         early fill limit:           true
         inverse fill limit:         true
         model complexity:           0.00
         legacy 2015:                false
         fixed point accuracy:       false
         minimum point accuracy:     0
         mesh step inheritance:      false
         accuracy mode:
         ------------------------------------------------------------------------------

1xN001:  =================================
         Finished matrix computation (PBA)
         =================================

1xN001:  <<<<<<<<<<<<<<<<<<<<<<<<<<<<<<<<<<<<<<<<<<<<<<<<<<<<<<<<<<<<
         2023 Jun 19 (Mon):  17:34:29
         Resource usage for calculating matrix coefficients per node:
         	Runtime                          00:00:03.00819
         	Peak Memory Estimation:                   48 MB
         	Peak Memory Usage:                        68 MB
         <<<<<<<<<<<<<<<<<<<<<<<<<<<<<<<<<<<<<<<<<<<<<<<<<<<<<<<<<<<<



1xN002:  ========================================================================
         [Boundaries] - MCalc
         open-add-space, open-add-space, mpi, mpi, open-add-space, open-add-space
         ========================================================================

1xN002:  ========================================
         [Mesh] Matrix calculation - NO ACIS mode
         [Mesh] 1xN MPI or parallelization mode
         ========================================

1xN002:  ==============================
         [Mesh] Expansion: 0 0 -1 1 0 0
         ==============================

1xN002:  ==================================================
         [Mesh] world: o(0000,0000,0000) e(0029,0139,0029)
         [Mesh] l-1xN: o(0000,0068,0000) e(0029,0104,0029)
         [Mesh] e-1xN: o(0000,0067,0000) e(0029,0105,0029)
         [Mesh] g-MPI: not available
         [Mesh] bound offset: (0 | 0 | -1)
         ==================================================

1xN002:  ==========================================================================
          - pinning rule in use   : PINNING_RULE_MCALC_SKIP_ALL
          - desired group         : 0, sockets = 0
          - num cores available   : 16
          - num accessible procs          : 16
          - num logical procs             : 16
          - affinity (main thread)        : 1111111111111111
          - sockets                       : 0
          - potential cores               : 0,1,2,3,4,5,6,7,8,9,10,11,12,13,14,15
          - affinity                      : 1111111111111111
          - core list                  (3): 0,1,2,3,4,5,6,7,8,9,10,11,12,13,14,15
          - active cores          : 0,1,2,3,4,5,6,7,8,9,10,11,12,13,14,15
          - hyperthreading        : on
          - skip pinning: + allowed number of sockets = available number of sockets
                          + hyperthreading allowed by solver
         ==========================================================================

1xN002:  ============================================================================
         Version: 2023.3 Release from 2023-02-23 (change 1080443) [Release]
         Workflow: PBA matrix coefficients
         Operation: [fpba, meshfill, bg, port-path, tst, coeff, surface-imp]
         Architecture: Windows, ID: AMD64
         System Windows-64bit
         Using processor group 0/1
         Matrix calculation information:
         # of Nodes: 4
         Concurrency: 4
         Start ID: 1
         Node ID: 2
         HEX Mesh information:
         Hex mesh: node: [hxr o(0 | 68 | 0) s(29 | 36 | 29) np (no TSTs): 30276]
         Hex mesh: extended: [hxr o(0 | 67 | 0) s(29 | 38 | 29) np (no TSTs): 31958]
         ============================================================================

1xN002:  ------------------------------------------------------
         Memory status  on node "1xN002" for matrix calculation
         	Estimated memory consumption: 0.0479414 GB
         	Physical memory installed: 16.9121 GB
         	Available physical memory: 8.011 GB
         	Available relative memory: 47.3685%s
         ------------------------------------------------------

1xN002:  >>>>>>>>>>>>>>>>>>>>>>>>>>>>>>>>>>>>>>>>>>>>>>>>>
         2023 Jun 19 (Mon):  17:34:25
         started: calculating matrix coefficients per node
         >>>>>>>>>>>>>>>>>>>>>>>>>>>>>>>>>>>>>>>>>>>>>>>>>

1xN002:  ===========================================================
         Matrix computation (PBA)
         	[Perfect Boundary Approximation (PBA), version: legacy]
         	[GPU acceleration: off (by user)]
         Version 2023.3 (build 20230223)
         PBA version 2017022417
         Sub-Workflow: FPBA-1xN-TST1-Node
         Workflow updated: -
         2023 Jun 19 (Mon):  17:34:25
         ===========================================================

1xN002:  FARM allocation scheme: BBM
1xN002:



1xN002:  ----------------------
         Acceleration mode: CPU
         ----------------------

1xN002:  Port homogenization method: FARM voxels copy
1xN002:  -------------------------
         TST Statistics:
         E Split (288 | 0 | 288)
         E Adapt (576 | 420 | 576)
         B Split (280 | 864 | 280)
         B Adapt (0 | 0 | 0)
         -------------------------

1xN002:  ssssssssssssssssssssssssssssssssssssssssss
         # of curls with SI accuracy enhancement: 0
         ssssssssssssssssssssssssssssssssssssssssss

1xN002:  ------------------------------------------------------------------------------
         PBA fill limit is applied in inverse mode.
         PBA fill limit is applied on faces filled with at least 98.81% metal material.
         --------------------------------------------------------------
         detailed accuracy settings:
         --------------------------------------------------------------
         augmented fill limit:       true
         augmented fill limit value: 98.81
         automatic fill limit:       true
         early fill limit:           true
         inverse fill limit:         true
         model complexity:           0.00
         legacy 2015:                false
         fixed point accuracy:       false
         minimum point accuracy:     0
         mesh step inheritance:      false
         accuracy mode:
         ------------------------------------------------------------------------------

1xN002:  =================================
         Finished matrix computation (PBA)
         =================================

1xN002:  <<<<<<<<<<<<<<<<<<<<<<<<<<<<<<<<<<<<<<<<<<<<<<<<<<<<<<<<<<<<
         2023 Jun 19 (Mon):  17:34:29
         Resource usage for calculating matrix coefficients per node:
         	Runtime                          00:00:03.00750
         	Peak Memory Estimation:                   48 MB
         	Peak Memory Usage:                        69 MB
         <<<<<<<<<<<<<<<<<<<<<<<<<<<<<<<<<<<<<<<<<<<<<<<<<<<<<<<<<<<<



1xN003:  ===================================================================================
         [Boundaries] - MCalc
         open-add-space, open-add-space, mpi, open-add-space, open-add-space, open-add-space
         ===================================================================================

1xN003:  ========================================
         [Mesh] Matrix calculation - NO ACIS mode
         [Mesh] 1xN MPI or parallelization mode
         ========================================

1xN003:  ==============================
         [Mesh] Expansion: 0 0 -1 0 0 0
         ==============================

1xN003:  ==================================================
         [Mesh] world: o(0000,0000,0000) e(0029,0139,0029)
         [Mesh] l-1xN: o(0000,0102,0000) e(0029,0139,0029)
         [Mesh] e-1xN: o(0000,0101,0000) e(0029,0139,0029)
         [Mesh] g-MPI: not available
         [Mesh] bound offset: (0 | 0 | -1)
         ==================================================

1xN003:  ==========================================================================
          - pinning rule in use   : PINNING_RULE_MCALC_SKIP_ALL
          - desired group         : 0, sockets = 0
          - num cores available   : 16
          - num accessible procs          : 16
          - num logical procs             : 16
          - affinity (main thread)        : 1111111111111111
          - sockets                       : 0
          - potential cores               : 0,1,2,3,4,5,6,7,8,9,10,11,12,13,14,15
          - affinity                      : 1111111111111111
          - core list                  (3): 0,1,2,3,4,5,6,7,8,9,10,11,12,13,14,15
          - active cores          : 0,1,2,3,4,5,6,7,8,9,10,11,12,13,14,15
          - hyperthreading        : on
          - skip pinning: + allowed number of sockets = available number of sockets
                          + hyperthreading allowed by solver
         ==========================================================================

1xN003:  =============================================================================
         Version: 2023.3 Release from 2023-02-23 (change 1080443) [Release]
         Workflow: PBA matrix coefficients
         Operation: [fpba, meshfill, bg, port-path, tst, coeff, surface-imp]
         Architecture: Windows, ID: AMD64
         System Windows-64bit
         Using processor group 0/1
         Matrix calculation information:
         # of Nodes: 4
         Concurrency: 4
         Start ID: 0
         Node ID: 3
         HEX Mesh information:
         Hex mesh: node: [hxr o(0 | 102 | 0) s(29 | 37 | 29) np (no TSTs): 31117]
         Hex mesh: extended: [hxr o(0 | 101 | 0) s(29 | 38 | 29) np (no TSTs): 31958]
         =============================================================================

1xN003:  ------------------------------------------------------
         Memory status  on node "1xN003" for matrix calculation
         	Estimated memory consumption: 0.0482304 GB
         	Physical memory installed: 16.9121 GB
         	Available physical memory: 8.009 GB
         	Available relative memory: 47.3566%s
         ------------------------------------------------------

1xN003:  >>>>>>>>>>>>>>>>>>>>>>>>>>>>>>>>>>>>>>>>>>>>>>>>>
         2023 Jun 19 (Mon):  17:34:25
         started: calculating matrix coefficients per node
         >>>>>>>>>>>>>>>>>>>>>>>>>>>>>>>>>>>>>>>>>>>>>>>>>

1xN003:  ===========================================================
         Matrix computation (PBA)
         	[Perfect Boundary Approximation (PBA), version: legacy]
         	[GPU acceleration: off (by user)]
         Version 2023.3 (build 20230223)
         PBA version 2017022417
         Sub-Workflow: FPBA-1xN-TST1-Node
         Workflow updated: -
         2023 Jun 19 (Mon):  17:34:25
         ===========================================================

1xN003:  FARM allocation scheme: BBM
1xN003:



1xN003:  ----------------------
         Acceleration mode: CPU
         ----------------------

1xN003:  Port homogenization method: FARM voxels copy
1xN003:  -------------------------
         TST Statistics:
         E Split (216 | 0 | 216)
         E Adapt (432 | 312 | 432)
         B Split (208 | 648 | 208)
         B Adapt (4 | 0 | 4)
         -------------------------

1xN003:  ssssssssssssssssssssssssssssssssssssssssss
         # of curls with SI accuracy enhancement: 0
         ssssssssssssssssssssssssssssssssssssssssss

1xN003:  ----------------------------------------------------------------
         The following discrete edge port is connected to metal material:
         	2
         ----------------------------------------------------------------

1xN003:  ------------------------------------------------------------------------------
         PBA fill limit is applied in inverse mode.
         PBA fill limit is applied on faces filled with at least 98.81% metal material.
         --------------------------------------------------------------
         detailed accuracy settings:
         --------------------------------------------------------------
         augmented fill limit:       true
         augmented fill limit value: 98.81
         automatic fill limit:       true
         early fill limit:           true
         inverse fill limit:         true
         model complexity:           0.00
         legacy 2015:                false
         fixed point accuracy:       false
         minimum point accuracy:     0
         mesh step inheritance:      false
         accuracy mode:
         ------------------------------------------------------------------------------

1xN003:  =================================
         Finished matrix computation (PBA)
         =================================

1xN003:  <<<<<<<<<<<<<<<<<<<<<<<<<<<<<<<<<<<<<<<<<<<<<<<<<<<<<<<<<<<<
         2023 Jun 19 (Mon):  17:34:28
         Resource usage for calculating matrix coefficients per node:
         	Runtime                          00:00:03.00200
         	Peak Memory Estimation:                   48 MB
         	Peak Memory Usage:                        63 MB
         <<<<<<<<<<<<<<<<<<<<<<<<<<<<<<<<<<<<<<<<<<<<<<<<<<<<<<<<<<<<



<<<<<<<<<<<<<<<<<<<<<<<<<<<<<<<<<<<<<<<<<<<<<<<
2023 Jun 19 (Mon):  17:34:30
Resource usage for parallelization control:
	Runtime                      00:00:06.00097
<<<<<<<<<<<<<<<<<<<<<<<<<<<<<<<<<<<<<<<<<<<<<<<

------------------------------------------------------------------------------------------------------------------------------
PBAMeshFeedback - InfoMap: 1[ms] - SBCell navigation: Using legacy edges - CornerCorrectionLinesAndWires: 0[ms] - Write: 0[ms]
------------------------------------------------------------------------------------------------------------------------------

--------------------------------
# of staircase filled cells: 0
# of staircase filled areas: 0
# of staircase filled edges: 0
# of faces above fill limit: 0
# of edges with FPBA topology: 0
--------------------------------

--------------------------------
# of staircase filled cells: 0
# of staircase filled areas: 0
# of staircase filled edges: 0
# of faces above fill limit: 0
# of edges with FPBA topology: 0
--------------------------------

