Unknown:
C:\Users\Labtel\Desktop\juan\propa\Cable2_Coaxial_Load\Result\202306161352020.log
C:\Users\Labtel\Desktop\juan\propa\Cable2_Coaxial_Load\Result\202306161352020.xyz
C:\Users\Labtel\Desktop\juan\propa\Cable2_Coaxial_Load\Result\202306161421360.log
C:\Users\Labtel\Desktop\juan\propa\Cable2_Coaxial_Load\Result\202306161421360.xyz
C:\Users\Labtel\Desktop\juan\propa\Cable2_Coaxial_Load\Result\202306161644400.log
C:\Users\Labtel\Desktop\juan\propa\Cable2_Coaxial_Load\Result\202306161644400.xyz
C:\Users\Labtel\Desktop\juan\propa\Cable2_Coaxial_Load\Result\e-field_m3d.coe
C:\Users\Labtel\Desktop\juan\propa\Cable2_Coaxial_Load\Result\h-field_m3d.coe
C:\Users\Labtel\Desktop\juan\propa\Cable2_Coaxial_Load\Result\hardware_resources.sconf
C:\Users\Labtel\Desktop\juan\propa\Cable2_Coaxial_Load\Result\MCalc.ddi
C:\Users\Labtel\Desktop\juan\propa\Cable2_Coaxial_Load\Result\MCalc.log
C:\Users\Labtel\Desktop\juan\propa\Cable2_Coaxial_Load\Result\MCalc^Diagnostics.log
C:\Users\Labtel\Desktop\juan\propa\Cable2_Coaxial_Load\Result\Model.axg
C:\Users\Labtel\Desktop\juan\propa\Cable2_Coaxial_Load\Result\Model.ddi
C:\Users\Labtel\Desktop\juan\propa\Cable2_Coaxial_Load\Result\Model.log
C:\Users\Labtel\Desktop\juan\propa\Cable2_Coaxial_Load\Result\Model.sa
C:\Users\Labtel\Desktop\juan\propa\Cable2_Coaxial_Load\Result\Model.sam
C:\Users\Labtel\Desktop\juan\propa\Cable2_Coaxial_Load\Result\ModelPBA.axg
C:\Users\Labtel\Desktop\juan\propa\Cable2_Coaxial_Load\Result\m^fifx.dsc
C:\Users\Labtel\Desktop\juan\propa\Cable2_Coaxial_Load\Result\m^fqq.dsc
C:\Users\Labtel\Desktop\juan\propa\Cable2_Coaxial_Load\Result\p-field_m3d.coe
C:\Users\Labtel\Desktop\juan\propa\Cable2_Coaxial_Load\Result\Postprocessing.log
C:\Users\Labtel\Desktop\juan\propa\Cable2_Coaxial_Load\Result\PP-MCalc.log
C:\Users\Labtel\Desktop\juan\propa\Cable2_Coaxial_Load\Result\PP-Prio.log
C:\Users\Labtel\Desktop\juan\propa\Cable2_Coaxial_Load\Result\p^a.dsc
C:\Users\Labtel\Desktop\juan\propa\Cable2_Coaxial_Load\Result\P^m^fbqq.slog
C:\Users\Labtel\Desktop\juan\propa\Cable2_Coaxial_Load\Result\P^m^fqq.slog
C:\Users\Labtel\Desktop\juan\propa\Cable2_Coaxial_Load\Result\P^p^m.slog
C:\Users\Labtel\Desktop\juan\propa\Cable2_Coaxial_Load\Result\P^s^pm.slog
C:\Users\Labtel\Desktop\juan\propa\Cable2_Coaxial_Load\Result\WEP.log
Mesh:
C:\Users\Labtel\Desktop\juan\propa\Cable2_Coaxial_Load\Result\dA.mat
C:\Users\Labtel\Desktop\juan\propa\Cable2_Coaxial_Load\Result\dad.mat
C:\Users\Labtel\Desktop\juan\propa\Cable2_Coaxial_Load\Result\ds.mat
C:\Users\Labtel\Desktop\juan\propa\Cable2_Coaxial_Load\Result\dsd.mat
C:\Users\Labtel\Desktop\juan\propa\Cable2_Coaxial_Load\Result\dsMCalc.mat
C:\Users\Labtel\Desktop\juan\propa\Cable2_Coaxial_Load\Result\Eps.mat
C:\Users\Labtel\Desktop\juan\propa\Cable2_Coaxial_Load\Result\HexMatrix.m2h
C:\Users\Labtel\Desktop\juan\propa\Cable2_Coaxial_Load\Result\HexMatrix_MCalc.m2h
C:\Users\Labtel\Desktop\juan\propa\Cable2_Coaxial_Load\Result\Kappa.mat
C:\Users\Labtel\Desktop\juan\propa\Cable2_Coaxial_Load\Result\MCalc.fmp
C:\Users\Labtel\Desktop\juan\propa\Cable2_Coaxial_Load\Result\MCalc.xcfd
C:\Users\Labtel\Desktop\juan\propa\Cable2_Coaxial_Load\Result\MCalcCCS_c.mson
C:\Users\Labtel\Desktop\juan\propa\Cable2_Coaxial_Load\Result\Meta.m2h
C:\Users\Labtel\Desktop\juan\propa\Cable2_Coaxial_Load\Result\Meta.mat
C:\Users\Labtel\Desktop\juan\propa\Cable2_Coaxial_Load\Result\Model-fmf.msqlite
C:\Users\Labtel\Desktop\juan\propa\Cable2_Coaxial_Load\Result\Model.cct
C:\Users\Labtel\Desktop\juan\propa\Cable2_Coaxial_Load\Result\Model.fmf
C:\Users\Labtel\Desktop\juan\propa\Cable2_Coaxial_Load\Result\Model.fmm
C:\Users\Labtel\Desktop\juan\propa\Cable2_Coaxial_Load\Result\Model.fpc
C:\Users\Labtel\Desktop\juan\propa\Cable2_Coaxial_Load\Result\Model.fwf
C:\Users\Labtel\Desktop\juan\propa\Cable2_Coaxial_Load\Result\Model.sic
C:\Users\Labtel\Desktop\juan\propa\Cable2_Coaxial_Load\Result\Model.sid
C:\Users\Labtel\Desktop\juan\propa\Cable2_Coaxial_Load\Result\Model.spi
C:\Users\Labtel\Desktop\juan\propa\Cable2_Coaxial_Load\Result\Model.xcfd
C:\Users\Labtel\Desktop\juan\propa\Cable2_Coaxial_Load\Result\Mue.mat
C:\Users\Labtel\Desktop\juan\propa\Cable2_Coaxial_Load\Result\m^fqq.mem
C:\Users\Labtel\Desktop\juan\propa\Cable2_Coaxial_Load\Result\PEC.mat
C:\Users\Labtel\Desktop\juan\propa\Cable2_Coaxial_Load\Result\p^a.mem
C:\Users\Labtel\Desktop\juan\propa\Cable2_Coaxial_Load\Result\p^m.mem
C:\Users\Labtel\Desktop\juan\propa\Cable2_Coaxial_Load\Result\Rho.mat
C:\Users\Labtel\Desktop\juan\propa\Cable2_Coaxial_Load\Result\S2HMatrix.m2h
C:\Users\Labtel\Desktop\juan\propa\Cable2_Coaxial_Load\Result\s^pm.mem
Port:
C:\Users\Labtel\Desktop\juan\propa\Cable2_Coaxial_Load\Result\Model.pmi
