
              Logfile of Field Evaluation
              ===========================

Calculation window:
===================

 Coordinate System       : global (xyz)   cartesian
 Dimension               : 1D
 Direction (tangential)  : Y
 Stepsize                : 0.1

                 low        high    stepsize
         ----------- ----------- -----------
       X        1.06        1.06           1
       Y          -0         200         0.1
       Z          -0          -0           1

Evaluated field, component and result value:
============================================

 Evaluated field         : E-Field\e-field (f=2.4) [1]
 Field component         : X
 Complex                 : Mag
 Result Value            : 1D Plot of Field Values


Result Data:
============

 NData Points = 2001

 Max. value   =   1.4271E+04 at (        1.06/         8.9/           0)
 Min. value   =   2.7872E+01 at (        1.06/       159.6/           0)
 Mean value   =   9.3226E+03
 Deviation    =   1.9922E+00

 Integral     =   1.8654E+03
 Volume (Unit)=   2.0010E+02 mm^1
 Volume (SI)  =   2.0010E-01 m^1

