16/Jun/2023 15:37:58  Defined reference frequency for open boundary condition (4 GHz) is larger than
                      the lowest relevant system frequency (monitor at 2.4 GHz).
                      Please check the Settings for PML Boundary (Simulation > Settings > Boundary
                      Conditions > Open Boundary) to ensure accurate monitor results for the lowest
                      frequency of interest. More...
                      
                      ------------------------------------------------------------------------------
16/Jun/2023 15:37:58  *** Warning ***
                      
                      The monitor surface-current (f=2.4) is not supported and will be ignored.
                      Please define an 'H-Field and Surface current monitor' instead.
                      
                      ------------------------------------------------------------------------------
16/Jun/2023 15:37:58  *** Warning ***
                      
                      This software is licensed for educational purposes only.
                      
                      ------------------------------------------------------------------------------
16/Jun/2023 15:37:59  
                      Solver started at: 03:37 PM Friday, 16. June 2023 (Hora est. Pacífico, Sudamérica)
                      
                        Module:  Time Domain: S-Parameter (Win 64)
                        Version: 2023.3 Release from 2023-02-23 (change 1080443)
                      

                      ------------------------------------------------------------------------------

                      ------------------------------------------------------------------------------
16/Jun/2023 15:37:59  ======================================================================
                       Solver cycle: 1
                      ======================================================================
                      
                      Stimulation at discrete port 1 
                      
                      
                      
                      ------------------------------------------------------------------------------
16/Jun/2023 15:37:59  Units settings: 
                      
                        Dimensions: mm
                        Frequency:  GHz
                        Time:       s
                      
                      ------------------------------------------------------------------------------
16/Jun/2023 15:37:59  The dispersive material update will be performed using the "Standard" update schema
                      
                      ------------------------------------------------------------------------------
16/Jun/2023 15:38:06  The following discrete edge port is connected to metal material:
                      	1
                      
                      ------------------------------------------------------------------------------
16/Jun/2023 15:38:06  The following wire is connected to metal material:
                      	Folder1:wire1
                      
                      ------------------------------------------------------------------------------
16/Jun/2023 15:38:06  Mesh statistics:
                      
                         Hexahedral mesh type: Perfect Boundary Approximation (PBA)
                            Version: legacy
                      
                         Parallelization type: domain decomposition
                            Number of parallel working threads: 4
                            Number of calculation domains used: 4
                      
                         Acceleration mode: CPU
                         PBA fill limit: 98.81% (inverse)

                         *** Warning ***  The matrix computation uses legacy PBA settings. These settings will become obsolete in future versions.

                         *** Warning ***  To use the default PBA settings please consider pressing the "Default" button in the "Discretizer" tab of the "Special Mesh Properties" dialog box. 


16/Jun/2023 15:38:06  Boundary conditions: 
                      
                        YZsymmetry: none
                        XZsymmetry: none
                        XYsymmetry: none
                      
                        Xmin: expanded open, 4 Layer, depth 9.64519 mm
                        Xmax: expanded open, 4 Layer, depth 9.64519 mm
                      
                        Ymin: expanded open, 4 Layer, depth 8.8547 mm
                        Ymax: expanded open, 4 Layer, depth 8.8547 mm
                      
                        Zmin: expanded open, 4 Layer, depth 9.64519 mm
                        Zmax: expanded open, 4 Layer, depth 9.64519 mm
                      
                        PML-Type: Convolution PML
                      
                      ------------------------------------------------------------------------------
16/Jun/2023 15:38:06  Frequency settings: 
                      
                        Fmin:         0
                        Fmax:         8
                        Nfsteps(lin): 1001
                      
                      ------------------------------------------------------------------------------
16/Jun/2023 15:38:06  Field update statistics:
                      
                        Number of components in total: 	677494
                        Number of TST and special elements:	5224
                        Number of lossy metal components:	14458
                      
                      Subcycling state:      			Automatically deactivated
                      
                      ------------------------------------------------------------------------------
16/Jun/2023 15:38:06  Port: 1
                      
16/Jun/2023 15:38:06    Discrete element, reference impedance = 50 Ohm
                      
                      ------------------------------------------------------------------------------
16/Jun/2023 15:38:13  
                      --------------------------------------------------------------------------------
16/Jun/2023 15:38:13  Steady state energy criterion met, solver finished successfully.
                      
                      ------------------------------------------------------------------------------
16/Jun/2023 15:38:13  Frequency domain results normalized to default signal.
                      
                      
                      ------------------------------------------------------------------------------
16/Jun/2023 15:38:13  
                        ----------------------------------------------------------------------------
                                            Peak memory used (kB)         Free physical memory (kB) 
                                                                          At begin     Minimum      
                        ----------------------------------------------------------------------------
                        CAD preparation     14568                         9867516      9867516      
                        Matrices calc.      231882                        9784179      9637695      
                        Solver run total    80188                         9893968      9689620      
                        ----------------------------------------------------------------------------
                      
                      --------------------------------------------------------------------------------
                      Solver Statistics:
                      
                        Hardware:
                           Computer name:                 	05V307 
                      
                           Number of CPU threads:               8
                           Hardware info:                  	Hardware Accelerator Device not activated
                      
                        Number of mesh cells:             	108192
                        Excitation duration:              	4.44318594e-010 s 
                        Calculation time for excitation:  	0 	s
                        Number of calculated pulse widths:	9.82907 
                        Steady state accuracy limit:      	-40	dB 
                        Simulated number of time steps:   	4830 
                        Maximum number of time steps:     	9827 
                        Time step width:
                           without subcycles:             	9.041902406e-013 s
                           used:                          	9.041902406e-013 s
                      
                        CAD preparation time:             	0      	s
                        Matrix calculation time:          	7 	s
                        Solver setup time:                	0 	s
                        Solver loop time:                 	6 	s
                        Solver post-processing time:      	0 	s
                                                          	------------
                        Total solver time:                	13 	s
                      
                      ------------------------------------------------------------------------------
16/Jun/2023 15:38:13  
                        Adaptive port meshing time:          	0      	s
                        Total solver time (all cycles):      	13     	s
                        Solver initialization and clean-up:  	1      	s
                                                             	------------
                        Total simulation time:               	14     	s
                      
                      ------------------------------------------------------------------------------
16/Jun/2023 15:38:13  Solver finished at: 03:38 PM Friday, 16. June 2023
                      
                      
                      
                      ------------------------------------------------------------------------------
16/Jun/2023 15:38:16  Creating parametric 1D results for Run ID 1
                      
                      ------------------------------------------------------------------------------
16/Jun/2023 17:20:36  Defined reference frequency for open boundary condition (4 GHz) is larger than
                      the lowest relevant system frequency (monitor at 2.4 GHz).
                      Please check the Settings for PML Boundary (Simulation > Settings > Boundary
                      Conditions > Open Boundary) to ensure accurate monitor results for the lowest
                      frequency of interest. More...
                      
                      ------------------------------------------------------------------------------
16/Jun/2023 17:20:36  *** Warning ***
                      
                      The monitor surface-current (f=2.4) is not supported and will be ignored.
                      Please define an 'H-Field and Surface current monitor' instead.
                      
                      ------------------------------------------------------------------------------
16/Jun/2023 17:20:36  *** Warning ***
                      
                      This software is licensed for educational purposes only.
                      
                      ------------------------------------------------------------------------------
16/Jun/2023 17:20:36  
                      Solver started at: 05:20 PM Friday, 16. June 2023 (Hora est. Pacífico, Sudamérica)
                      
                        Module:  Time Domain: S-Parameter (Win 64)
                        Version: 2023.3 Release from 2023-02-23 (change 1080443)
                      

                      ------------------------------------------------------------------------------

                      ------------------------------------------------------------------------------
16/Jun/2023 17:20:36  ======================================================================
                       Solver cycle: 1
                      ======================================================================
                      
                      Stimulation at discrete port 1 
                      
                      
                      
                      ------------------------------------------------------------------------------
16/Jun/2023 17:20:36  Units settings: 
                      
                        Dimensions: mm
                        Frequency:  GHz
                        Time:       s
                      
                      ------------------------------------------------------------------------------
16/Jun/2023 17:20:36  The dispersive material update will be performed using the "Standard" update schema
                      
                      ------------------------------------------------------------------------------
16/Jun/2023 17:20:36  Boundary conditions: 
                      
                        YZsymmetry: none
                        XZsymmetry: none
                        XYsymmetry: none
                      
                        Xmin: expanded open, 4 Layer, depth 9.64519 mm
                        Xmax: expanded open, 4 Layer, depth 9.64519 mm
                      
                        Ymin: expanded open, 4 Layer, depth 8.8547 mm
                        Ymax: expanded open, 4 Layer, depth 8.8547 mm
                      
                        Zmin: expanded open, 4 Layer, depth 9.64519 mm
                        Zmax: expanded open, 4 Layer, depth 9.64519 mm
                      
                        PML-Type: Convolution PML
                      
                      ------------------------------------------------------------------------------
16/Jun/2023 17:20:36  Frequency settings: 
                      
                        Fmin:         0
                        Fmax:         8
                        Nfsteps(lin): 1001
                      
                      ------------------------------------------------------------------------------
16/Jun/2023 17:20:36  Field update statistics:
                      
                        Number of components in total: 	677494
                        Number of TST and special elements:	5224
                        Number of lossy metal components:	14458
                      
                      Subcycling state:      			Automatically deactivated
                      
                      ------------------------------------------------------------------------------
16/Jun/2023 17:20:36  Port: 1
                      
16/Jun/2023 17:20:36    Discrete element, reference impedance = 50 Ohm
                      
                      ------------------------------------------------------------------------------
16/Jun/2023 17:20:43  
                      --------------------------------------------------------------------------------
16/Jun/2023 17:20:43  Steady state energy criterion met, solver finished successfully.
                      
                      ------------------------------------------------------------------------------
16/Jun/2023 17:20:43  Frequency domain results normalized to default signal.
                      
                      
                      ------------------------------------------------------------------------------
16/Jun/2023 17:20:43  
                        ----------------------------------------------------------------------------
                                            Peak memory used (kB)         Free physical memory (kB) 
                                                                          At begin     Minimum      
                        ----------------------------------------------------------------------------
                        CAD preparation     14568                         9867516      9867516      
                        Matrices calc.      231882                        9784179      9637695      
                        Solver run total    80384                         9377276      9300508      
                        ----------------------------------------------------------------------------
                      
                      --------------------------------------------------------------------------------
                      Solver Statistics:
                      
                        Hardware:
                           Computer name:                 	04V306 
                      
                           Number of CPU threads:               8
                           Hardware info:                  	Hardware Accelerator Device not activated
                      
                        Number of mesh cells:             	108192
                        Excitation duration:              	4.44318594e-010 s 
                        Calculation time for excitation:  	0 	s
                        Number of calculated pulse widths:	9.82907 
                        Steady state accuracy limit:      	-40	dB 
                        Simulated number of time steps:   	4830 
                        Maximum number of time steps:     	9827 
                        Time step width:
                           without subcycles:             	9.041902406e-013 s
                           used:                          	9.041902406e-013 s
                      
                        Reloading matrices:               	0 	s
                        Solver setup time:                	0 	s
                        Solver loop time:                 	6 	s
                        Solver post-processing time:      	0 	s
                                                          	------------
                        Total solver time:                	6 	s
                      
                      ------------------------------------------------------------------------------
16/Jun/2023 17:20:44  
                        Adaptive port meshing time:          	0      	s
                        Total solver time (all cycles):      	6      	s
                        Solver initialization and clean-up:  	1      	s
                                                             	------------
                        Total simulation time:               	7      	s
                      
                      ------------------------------------------------------------------------------
16/Jun/2023 17:20:44  Solver finished at: 05:20 PM Friday, 16. June 2023
                      
                      
                      
                      ------------------------------------------------------------------------------
16/Jun/2023 17:20:45  Creating parametric 1D results for Run ID 1
                      
                      ------------------------------------------------------------------------------
16/Jun/2023 17:25:14  Defined reference frequency for open boundary condition (4 GHz) is larger than
                      the lowest relevant system frequency (monitor at 2.4 GHz).
                      Please check the Settings for PML Boundary (Simulation > Settings > Boundary
                      Conditions > Open Boundary) to ensure accurate monitor results for the lowest
                      frequency of interest. More...
                      
                      ------------------------------------------------------------------------------
16/Jun/2023 17:25:14  *** Warning ***
                      
                      The monitor surface-current (f=2.4) is not supported and will be ignored.
                      Please define an 'H-Field and Surface current monitor' instead.
                      
                      ------------------------------------------------------------------------------
16/Jun/2023 17:25:14  *** Warning ***
                      
                      This software is licensed for educational purposes only.
                      
                      ------------------------------------------------------------------------------
16/Jun/2023 17:25:14  
                      Solver started at: 05:25 PM Friday, 16. June 2023 (Hora est. Pacífico, Sudamérica)
                      
                        Module:  Time Domain: S-Parameter (Win 64)
                        Version: 2023.3 Release from 2023-02-23 (change 1080443)
                      

                      ------------------------------------------------------------------------------

                      ------------------------------------------------------------------------------
16/Jun/2023 17:25:14  ======================================================================
                       Solver cycle: 1
                      ======================================================================
                      
                      Stimulation at discrete port 1 
                      
                      
                      
                      ------------------------------------------------------------------------------
16/Jun/2023 17:25:14  Units settings: 
                      
                        Dimensions: mm
                        Frequency:  GHz
                        Time:       s
                      
                      ------------------------------------------------------------------------------
16/Jun/2023 17:25:14  The dispersive material update will be performed using the "Standard" update schema
                      
                      ------------------------------------------------------------------------------
16/Jun/2023 17:25:15  Boundary conditions: 
                      
                        YZsymmetry: none
                        XZsymmetry: none
                        XYsymmetry: none
                      
                        Xmin: expanded open, 4 Layer, depth 9.64519 mm
                        Xmax: expanded open, 4 Layer, depth 9.64519 mm
                      
                        Ymin: expanded open, 4 Layer, depth 8.8547 mm
                        Ymax: expanded open, 4 Layer, depth 8.8547 mm
                      
                        Zmin: expanded open, 4 Layer, depth 9.64519 mm
                        Zmax: expanded open, 4 Layer, depth 9.64519 mm
                      
                        PML-Type: Convolution PML
                      
                      ------------------------------------------------------------------------------
16/Jun/2023 17:25:15  Frequency settings: 
                      
                        Fmin:         0
                        Fmax:         8
                        Nfsteps(lin): 1001
                      
                      ------------------------------------------------------------------------------
16/Jun/2023 17:25:15  Field update statistics:
                      
                        Number of components in total: 	677494
                        Number of TST and special elements:	5224
                        Number of lossy metal components:	14458
                      
                      Subcycling state:      			Automatically deactivated
                      
                      ------------------------------------------------------------------------------
16/Jun/2023 17:25:15  Port: 1
                      
16/Jun/2023 17:25:15    Discrete element, reference impedance = 50 Ohm
                      
                      ------------------------------------------------------------------------------
16/Jun/2023 17:25:22  
                      --------------------------------------------------------------------------------
16/Jun/2023 17:25:22  Steady state energy criterion met, solver finished successfully.
                      
                      ------------------------------------------------------------------------------
16/Jun/2023 17:25:22  Frequency domain results normalized to default signal.
                      
                      
                      ------------------------------------------------------------------------------
16/Jun/2023 17:25:22  
                        ----------------------------------------------------------------------------
                                            Peak memory used (kB)         Free physical memory (kB) 
                                                                          At begin     Minimum      
                        ----------------------------------------------------------------------------
                        CAD preparation     14568                         9867516      9867516      
                        Matrices calc.      231882                        9784179      9637695      
                        Solver run total    79644                         9319608      9256092      
                        ----------------------------------------------------------------------------
                      
                      --------------------------------------------------------------------------------
                      Solver Statistics:
                      
                        Hardware:
                           Computer name:                 	04V306 
                      
                           Number of CPU threads:               8
                           Hardware info:                  	Hardware Accelerator Device not activated
                      
                        Number of mesh cells:             	108192
                        Excitation duration:              	4.44318594e-010 s 
                        Calculation time for excitation:  	0 	s
                        Number of calculated pulse widths:	9.82907 
                        Steady state accuracy limit:      	-40	dB 
                        Simulated number of time steps:   	4830 
                        Maximum number of time steps:     	9827 
                        Time step width:
                           without subcycles:             	9.041902406e-013 s
                           used:                          	9.041902406e-013 s
                      
                        Reloading matrices:               	0 	s
                        Solver setup time:                	0 	s
                        Solver loop time:                 	6 	s
                        Solver post-processing time:      	0 	s
                                                          	------------
                        Total solver time:                	6 	s
                      
                      ------------------------------------------------------------------------------
16/Jun/2023 17:25:22  
                        Adaptive port meshing time:          	0      	s
                        Total solver time (all cycles):      	6      	s
                        Solver initialization and clean-up:  	1      	s
                                                             	------------
                        Total simulation time:               	7      	s
                      
                      ------------------------------------------------------------------------------
16/Jun/2023 17:25:22  Solver finished at: 05:25 PM Friday, 16. June 2023
                      
                      
                      
                      ------------------------------------------------------------------------------
16/Jun/2023 17:25:23  Creating parametric 1D results for Run ID 1
                      
                      ------------------------------------------------------------------------------
